<?xml version="1.0" encoding="UTF-8"?>
<!-- Generated by org.testng.reporters.JUnitReportReporter -->
<testsuite hostname="192.168.1.5" failures="0" tests="3" name="FirstTestCase" time="0.003" errors="0" timestamp="2023-06-02T15:22:02 IST" skipped="0">
  <testcase classname="FirstTestCase" name="sample" time="0.002"/>
  <system-out/>
  <testcase classname="FirstTestCase" name="testing" time="0.001"/>
  <system-out/>
  <testcase classname="FirstTestCase" name="teardown" time="0.000"/>
  <system-out/>
</testsuite> <!-- FirstTestCase -->
